$ next build
info  - Skipping validation of types
info  - Skipping linting
info  - Creating an optimized production build...
Browserslist: caniuse-lite is outdated. Please run:
  npx browserslist@latest --update-db
  Why you should do it regularly: https://github.com/browserslist/browserslist#browsers-data-updating
Browserslist: caniuse-lite is outdated. Please run:
  npx update-browserslist-db@latest
  Why you should do it regularly: https://github.com/browserslist/update-db#readme
info  - Compiled successfully
info  - Collecting page data...
info  - Generating static pages (0/13)
undefined undefined undefined
info  - Generating static pages (3/13)
info  - Generating static pages (6/13)
info  - Generating static pages (9/13)
info  - Generating static pages (13/13)
info  - Finalizing page optimization...

Route (pages)                              Size     First Load JS
┌ ○ /                                      1.53 kB         130 kB
├   /_app                                  0 B             129 kB
├ ○ /404                                   181 B           129 kB
├ ○ /app/home                              360 B           129 kB
├ ○ /exercises                             1.24 kB         130 kB
├ ○ /friends                               1.97 kB         131 kB
├ ○ /homepage                              2.87 kB         131 kB
├ ○ /login                                 1.91 kB         130 kB
├ ○ /notifications                         1.98 kB         131 kB
├ ○ /profile                               1.37 kB         130 kB
├ ○ /register                              2.22 kB         131 kB
├ ○ /routines                              2.88 kB         140 kB
├ λ /routines/[routine]                    4.38 kB         144 kB
├ ○ /workout/[routine]                     1.14 kB         146 kB
└ λ /workout/exercises                     1.25 kB         134 kB
+ First Load JS shared by all              133 kB
  ├ chunks/framework-9c45d185511df21b.js   42.4 kB
  ├ chunks/main-8bc988d9eeab3bc9.js        31 kB
  ├ chunks/pages/_app-9600db2f695c7ed2.js  54.4 kB
  ├ chunks/webpack-ee7e63bc15b31913.js     815 B
  └ css/827e94de20e71af2.css               4.69 kB

λ  (Server)  server-side renders at runtime (uses getInitialProps or getServerSideProps)
○  (Static)  automatically rendered as static HTML (uses no initial props)

